[2026-03-21 11:25:52] ==================================================
[2026-03-21 11:25:52]   DAVS NFC Listener starting
[2026-03-21 11:25:52]   Flask: http://127.0.0.1:5000
[2026-03-21 11:25:52] ==================================================
[2026-03-21 11:25:52]   pyscard import failed. Run: pip install pyscard
[2026-03-21 11:25:52]   No USB reader — keyboard simulator active.
[2026-03-21 11:26:06] ==================================================
[2026-03-21 11:26:06]   DAVS NFC Listener starting
[2026-03-21 11:26:06]   Flask: http://127.0.0.1:5000
[2026-03-21 11:26:06] ==================================================
[2026-03-21 11:26:06]   pyscard import failed. Run: pip install pyscard
[2026-03-21 11:26:06]   No USB reader — keyboard simulator active.
[2026-03-21 13:02:21] ==================================================
[2026-03-21 13:02:21]   DAVS NFC Listener starting
[2026-03-21 13:02:21]   Flask: http://127.0.0.1:5000
[2026-03-21 13:02:21] ==================================================
[2026-03-21 13:02:21]   pyscard import failed. Run: pip install pyscard
[2026-03-21 13:02:21]   No USB reader — keyboard simulator active.
[2026-03-21 14:32:57] ==================================================
[2026-03-21 14:32:57]   DAVS NFC Listener starting
[2026-03-21 14:32:57]   Flask: http://127.0.0.1:5000
[2026-03-21 14:32:57] ==================================================
[2026-03-21 14:32:58]   pyscard import failed. Run: pip install pyscard
[2026-03-21 14:32:58]   No USB reader — keyboard simulator active.
[2026-03-21 14:48:59] ==================================================
[2026-03-21 14:48:59]   DAVS NFC Listener starting
[2026-03-21 14:48:59]   Flask: http://127.0.0.1:5000
[2026-03-21 14:48:59] ==================================================
[2026-03-21 14:48:59]   pyscard import failed. Run: pip install pyscard
[2026-03-21 14:48:59]   No USB reader — keyboard simulator active.
[2026-03-21 14:51:26] ==================================================
[2026-03-21 14:51:26]   DAVS NFC Listener starting
[2026-03-21 14:51:26]   Flask: http://127.0.0.1:5000
[2026-03-21 14:51:26] ==================================================
[2026-03-21 14:51:26]   pyscard import failed. Run: pip install pyscard
[2026-03-21 14:51:26]   No USB reader — keyboard simulator active.
[2026-03-21 14:59:46] ==================================================
[2026-03-21 14:59:46]   DAVS NFC Listener starting
[2026-03-21 14:59:46]   Flask: http://127.0.0.1:5000
[2026-03-21 14:59:46] ==================================================
[2026-03-21 14:59:46]   pyscard import failed. Run: pip install pyscard
[2026-03-21 14:59:46]   No USB reader — keyboard simulator active.
[2026-03-21 15:03:16] ==================================================
[2026-03-21 15:03:16]   DAVS NFC Listener starting
[2026-03-21 15:03:16]   Flask: http://127.0.0.1:5000
[2026-03-21 15:03:16] ==================================================
[2026-03-21 15:03:17]   pyscard import failed. Run: pip install pyscard
[2026-03-21 15:03:17]   No USB reader — keyboard simulator active.
[2026-03-21 15:06:27] ==================================================
[2026-03-21 15:06:27]   DAVS NFC Listener starting
[2026-03-21 15:06:27]   Flask: http://127.0.0.1:5000
[2026-03-21 15:06:27] ==================================================
[2026-03-21 15:06:27]   pyscard import failed. Run: pip install pyscard
[2026-03-21 15:06:27]   No USB reader — keyboard simulator active.
[2026-03-21 15:13:16] ==================================================
[2026-03-21 15:13:16]   DAVS NFC Listener starting
[2026-03-21 15:13:16]   Flask: http://127.0.0.1:5000
[2026-03-21 15:13:16] ==================================================
[2026-03-21 15:13:16]   pyscard import failed. Run: pip install pyscard
[2026-03-21 15:13:16]   No USB reader — keyboard simulator active.
[2026-03-21 15:47:38] ==================================================
[2026-03-21 15:47:38]   DAVS NFC Listener starting
[2026-03-21 15:47:38]   Flask: http://127.0.0.1:5000
[2026-03-21 15:47:38] ==================================================
[2026-03-21 15:47:38]   pyscard import failed. Run: pip install pyscard
[2026-03-21 15:47:38]   No USB reader — keyboard simulator active.
[2026-03-21 19:03:36] ==================================================
[2026-03-21 19:03:36]   DAVS NFC Listener starting
[2026-03-21 19:03:36]   Flask: http://127.0.0.1:5000
[2026-03-21 19:03:36] ==================================================
[2026-03-21 19:03:36]   pyscard import failed. Run: pip install pyscard
[2026-03-21 19:03:36]   No USB reader — keyboard simulator active.
[2026-03-21 19:03:50] ==================================================
[2026-03-21 19:03:50]   DAVS NFC Listener starting
[2026-03-21 19:03:50]   Flask: http://127.0.0.1:5000
[2026-03-21 19:03:50] ==================================================
[2026-03-21 19:03:50]   pyscard import failed. Run: pip install pyscard
[2026-03-21 19:03:50]   No USB reader — keyboard simulator active.
[2026-03-21 19:53:56] ==================================================
[2026-03-21 19:53:56]   DAVS NFC Listener starting
[2026-03-21 19:53:56]   Flask: http://127.0.0.1:5000
[2026-03-21 19:53:56] ==================================================
[2026-03-21 19:53:56]   pyscard import failed. Run: pip install pyscard
[2026-03-21 19:53:56]   No USB reader — keyboard simulator active.
[2026-03-21 19:58:03] ==================================================
[2026-03-21 19:58:03]   DAVS NFC Listener starting
[2026-03-21 19:58:03]   Flask: http://127.0.0.1:5000
[2026-03-21 19:58:03] ==================================================
[2026-03-21 19:58:03]   pyscard import failed. Run: pip install pyscard
[2026-03-21 19:58:03]   No USB reader — keyboard simulator active.
[2026-03-21 20:41:54] ==================================================
[2026-03-21 20:41:54]   DAVS NFC Listener starting
[2026-03-21 20:41:54]   Flask: http://127.0.0.1:5000
[2026-03-21 20:41:54] ==================================================
[2026-03-21 20:41:55]   pyscard import failed. Run: pip install pyscard
[2026-03-21 20:41:55]   No USB reader — keyboard simulator active.
[2026-03-21 20:43:02] ==================================================
[2026-03-21 20:43:02]   DAVS NFC Listener starting
[2026-03-21 20:43:02]   Flask: http://127.0.0.1:5000
[2026-03-21 20:43:02] ==================================================
[2026-03-21 20:43:02]   pyscard import failed. Run: pip install pyscard
[2026-03-21 20:43:02]   No USB reader — keyboard simulator active.
